Exact Results
Average Hitrate, 0.0

Mantissa Drop Results
Average Error, 77.269240297
Average hitrate, 100.0

Adaptive Selection Results
Average Error, 71.3860567118
Average hitrate, 100.0

Adaptive Simple Selection Results
Average Simple  Error, 77.269240297
Average Simple hitrate, 100.0

Tuning Results
Max Error, 	0,	0.015625,	0.03125,	0.0625,	0.125,	0.25,	1,	
Average Error, 	0.0,	25.373,	22.511,	22.702,	16.915,	71.386,	71.386,	
Average hitrate, 	67.347,	69.611,	71.652,	73.693,	80.293,	100.0,	100.0,	

TuningAdaptiveSimple Results
Max Error, 	0,	0.015625,	0.03125,	0.0625,	0.125,	0.25,	1,	
Average Error, 	0.0,	77.269,	77.269,	77.269,	77.269,	77.269,	77.269,	
Average hitrate, 	67.347,	100.0,	100.0,	100.0,	100.0,	100.0,	100.0,	

Shift and Add Results
Max Error, 	0,	0.015625,	0.03125,	0.0625,	0.125,	0.25,	1,	
Average Error, 	24.411,	19.2,	19.173,	18.824,	17.881,	26.116,	26.116,	
Average first stage hitrate, 	67.347,	69.962,	71.971,	74.075,	80.676,	100.0,	100.0,	
Average second stage hitrate, 	32.653,	30.038,	28.029,	25.925,	19.324,	0.0,	0.0,	
Average total hitrate, 	100.0,	100.0,	100.0,	100.0,	100.0,	100.0,	100.0,	

Shift and Add w/ 2nd stage Tuning Results
Max Error, 	0,	0.015625,	0.03125,	0.0625,	0.125,	0.25,	1,	
Average Error, 	0.0,	3.335,	7.897,	18.448,	17.881,	26.116,	26.116,	
Average first stage hitrate, 	67.347,	70.153,	72.13,	74.075,	80.676,	100.0,	100.0,	
Average second stage hitrate, 	0.0,	16.358,	20.408,	24.617,	19.324,	0.0,	0.0,	
Average total hitrate, 	67.347,	86.511,	92.538,	98.693,	100.0,	100.0,	100.0,	

