Exact Results
Average Hitrate, 0.0

Mantissa Drop Results
Average Error, 670.414452119
Average hitrate, 100.0

Adaptive Selection Results
Average Error, 483.947147373
Average hitrate, 100.0

Adaptive Simple Selection Results
Average Simple  Error, 115.767662621
Average Simple hitrate, 100.0

Tuning Results
Max Error, 	0,	0.015625,	0.03125,	0.0625,	0.125,	0.25,	1,	
Average Error, 	0.0,	6.779,	81.726,	145.158,	305.209,	483.947,	483.947,	
Average hitrate, 	42.0,	43.726,	45.449,	49.373,	64.522,	99.999,	100.0,	

TuningAdaptiveSimple Results
Max Error, 	0,	0.015625,	0.03125,	0.0625,	0.125,	0.25,	1,	
Average Error, 	0.0,	115.768,	115.768,	115.768,	115.768,	115.768,	115.768,	
Average hitrate, 	42.0,	100.0,	100.0,	100.0,	100.0,	100.0,	100.0,	

Shift and Add Results
Max Error, 	0,	0.015625,	0.03125,	0.0625,	0.125,	0.25,	1,	
Average Error, 	92.324,	90.029,	77.139,	65.963,	75.288,	157.104,	157.104,	
Average first stage hitrate, 	28.168,	32.109,	35.968,	42.997,	58.76,	100.0,	100.0,	
Average second stage hitrate, 	71.832,	67.891,	64.031,	57.003,	41.24,	0.0,	0.0,	
Average total hitrate, 	100.0,	100.0,	100.0,	100.0,	100.0,	100.0,	100.0,	

Shift and Add w/ 2nd stage Tuning Results
Max Error, 	0,	0.015625,	0.03125,	0.0625,	0.125,	0.25,	1,	
Average Error, 	0.0,	13.514,	30.952,	59.556,	75.288,	157.104,	157.104,	
Average first stage hitrate, 	42.0,	36.932,	37.355,	43.069,	58.76,	100.0,	100.0,	
Average second stage hitrate, 	0.001,	26.747,	49.118,	54.806,	41.24,	0.0,	0.0,	
Average total hitrate, 	42.001,	63.68,	86.473,	97.874,	100.0,	100.0,	100.0,	

