Exact Results
Average Hitrate, 0.0

Mantissa Drop Results
Average PSNR, 100
Average hitrate, 100.0

Adaptive Selection Results
Average PSNR, 100
Average hitrate, 100.0

Adaptive Simple Selection Results
Average Simple  PSNR, 100
Average Simple hitrate, 100.0

Tuning Results
Max Error, 	0,	0.015625,	0.03125,	0.0625,	0.125,	0.25,	1,	
Average PSNR, 	100.0,	100.0,	100.0,	100.0,	100.0,	100.0,	100.0,	
Average hitrate, 	100.0,	100.0,	100.0,	100.0,	100.0,	100.0,	100.0,	

TuningAdaptiveSimple Results
Max Error, 	0,	0.015625,	0.03125,	0.0625,	0.125,	0.25,	1,	
Average PSNR, 	100.0,	100.0,	100.0,	100.0,	100.0,	100.0,	100.0,	
Average hitrate, 	100.0,	100.0,	100.0,	100.0,	100.0,	100.0,	100.0,	

Shift and Add Results
Max Error, 	0,	0.015625,	0.03125,	0.0625,	0.125,	0.25,	1,	
Average PSNR, 	100.0,	100.0,	100.0,	100.0,	100.0,	100.0,	100.0,	
Average first stage hitrate, 	100.0,	100.0,	100.0,	100.0,	100.0,	100.0,	100.0,	
Average second stage hitrate, 	0.0,	0.0,	0.0,	0.0,	0.0,	0.0,	0.0,	
Average total hitrate, 	100.0,	100.0,	100.0,	100.0,	100.0,	100.0,	100.0,	

Shift and Add w/ 2nd stage Tuning Results
Max Error, 	0,	0.015625,	0.03125,	0.0625,	0.125,	0.25,	1,	
Average PSNR, 	100.0,	100.0,	100.0,	100.0,	100.0,	100.0,	100.0,	
Average first stage hitrate, 	100.0,	100.0,	100.0,	100.0,	100.0,	100.0,	100.0,	
Average second stage hitrate, 	0.0,	0.0,	0.0,	0.0,	0.0,	0.0,	0.0,	
Average total hitrate, 	100.0,	100.0,	100.0,	100.0,	100.0,	100.0,	100.0,	

