Exact Results
Average Hitrate, 0.0

Mantissa Drop Results
Average Error, 138.404249249
Average hitrate, 100.0

Adaptive Selection Results
Average Error, 133.247363309
Average hitrate, 100.0

Adaptive Simple Selection Results
Average Simple  Error, 214.396330185
Average Simple hitrate, 100.0

Tuning Results
Max Error, 	0,	0.015625,	0.03125,	0.0625,	0.125,	0.25,	1,	
Average Error, 	0.001,	20.833,	73.936,	99.855,	215.841,	133.247,	133.247,	
Average hitrate, 	47.551,	49.837,	55.458,	58.06,	68.356,	100.0,	100.0,	

TuningAdaptiveSimple Results
Max Error, 	0,	0.015625,	0.03125,	0.0625,	0.125,	0.25,	1,	
Average Error, 	0.001,	214.396,	214.396,	214.396,	214.396,	214.396,	214.396,	
Average hitrate, 	47.551,	100.0,	100.0,	100.0,	100.0,	100.0,	100.0,	

Shift and Add Results
Max Error, 	0,	0.015625,	0.03125,	0.0625,	0.125,	0.25,	1,	
Average Error, 	37.985,	36.313,	35.065,	35.027,	37.812,	94.463,	94.463,	
Average first stage hitrate, 	46.697,	48.05,	55.951,	58.121,	68.398,	100.0,	100.0,	
Average second stage hitrate, 	53.303,	51.95,	44.049,	41.879,	31.602,	0.0,	0.0,	
Average total hitrate, 	100.0,	100.0,	100.0,	100.0,	100.0,	100.0,	100.0,	

Shift and Add w/ 2nd stage Tuning Results
Max Error, 	0,	0.015625,	0.03125,	0.0625,	0.125,	0.25,	1,	
Average Error, 	0.001,	7.635,	16.922,	35.027,	37.812,	94.463,	94.463,	
Average first stage hitrate, 	46.156,	48.653,	55.544,	58.121,	68.398,	100.0,	100.0,	
Average second stage hitrate, 	9.416,	20.815,	22.877,	41.879,	31.602,	0.0,	0.0,	
Average total hitrate, 	55.573,	69.468,	78.421,	100.0,	100.0,	100.0,	100.0,	

