Exact Results
Average Hitrate, 0.0

Mantissa Drop Results
Average Error, 143.363833487
Average hitrate, 100.0

Adaptive Selection Results
Average Error, 125.074343462
Average hitrate, 100.0

Adaptive Simple Selection Results
Average Simple  Error, 110.772827859
Average Simple hitrate, 100.0

Tuning Results
Max Error, 	0,	0.002,	0.015625,	0.03125,	0.0625,	0.125,	0.25,	1,	
Average Error, 	0.0,	68.237,	108.395,	91.025,	111.271,	119.444,	125.074,	125.074,	
Average hitrate, 	51.934,	52.124,	56.237,	57.656,	63.3,	76.491,	99.77,	99.77,	

TuningAdaptiveSimple Results
Max Error, 	0,	0.002,	0.015625,	0.03125,	0.0625,	0.125,	0.25,	1,	
Average Error, 	0.0,	110.773,	110.773,	110.773,	110.773,	110.773,	110.773,	110.773,	
Average hitrate, 	51.934,	100.0,	100.0,	100.0,	100.0,	100.0,	100.0,	100.0,	

Shift and Add Results
Max Error, 	0,	0.002,	0.015625,	0.03125,	0.0625,	0.125,	0.25,	1,	
Average Error, 	113.887,	91.573,	135.314,	91.3,	105.087,	116.58,	138.83,	138.83,	
Average first stage hitrate, 	52.164,	52.688,	53.944,	57.054,	62.406,	74.371,	100.0,	100.0,	
Average second stage hitrate, 	47.836,	47.312,	46.056,	42.946,	37.594,	25.629,	0.0,	0.0,	
Average total hitrate, 	100.0,	100.0,	100.0,	100.0,	100.0,	100.0,	100.0,	100.0,	

Shift and Add w/ 2nd stage Tuning Results
Max Error, 	0,	0.002,	0.015625,	0.03125,	0.0625,	0.125,	0.25,	1,	
Average Error, 	0.0,	61.467,	97.724,	114.622,	147.389,	116.58,	138.83,	138.83,	
Average first stage hitrate, 	51.934,	52.386,	55.13,	56.67,	63.515,	74.371,	100.0,	100.0,	
Average second stage hitrate, 	0.0,	5.671,	26.391,	34.753,	35.202,	25.629,	0.0,	0.0,	
Average total hitrate, 	51.934,	58.057,	81.52,	91.423,	98.717,	100.0,	100.0,	100.0,	

