Exact Results
Average Hitrate, 0.0

Mantissa Drop Results
Average Error, 75.432837081
Average hitrate, 100.0

Adaptive Selection Results
Average Error, 76.2806637707
Average hitrate, 100.0

Adaptive Simple Selection Results
Average Simple  Error, 71.8530128709
Average Simple hitrate, 100.0

Tuning Results
Max Error, 	0,	0.015625,	0.03125,	0.0625,	0.125,	0.25,	1,	
Average Error, 	0.0,	6.52,	10.483,	16.124,	26.246,	76.363,	76.281,	
Average hitrate, 	25.881,	31.458,	36.555,	46.05,	63.983,	99.949,	100.0,	

TuningAdaptiveSimple Results
Max Error, 	0,	0.015625,	0.03125,	0.0625,	0.125,	0.25,	1,	
Average Error, 	0.0,	71.853,	71.853,	71.853,	71.853,	71.853,	71.853,	
Average hitrate, 	25.881,	100.0,	100.0,	100.0,	100.0,	100.0,	100.0,	

Shift and Add Results
Max Error, 	0,	0.015625,	0.03125,	0.0625,	0.125,	0.25,	1,	
Average Error, 	23.674,	23.393,	23.286,	23.252,	24.491,	65.665,	65.665,	
Average first stage hitrate, 	25.976,	29.247,	32.635,	38.782,	62.084,	100.0,	100.0,	
Average second stage hitrate, 	74.025,	70.752,	67.365,	61.218,	37.916,	0.0,	0.0,	
Average total hitrate, 	100.0,	100.0,	100.0,	100.0,	100.0,	100.0,	100.0,	

Shift and Add w/ 2nd stage Tuning Results
Max Error, 	0,	0.015625,	0.03125,	0.0625,	0.125,	0.25,	1,	
Average Error, 	0.008,	5.265,	22.513,	23.101,	24.491,	65.665,	65.665,	
Average first stage hitrate, 	25.881,	30.877,	33.968,	38.864,	62.084,	100.0,	100.0,	
Average second stage hitrate, 	5.199,	35.993,	56.636,	59.107,	37.916,	0.0,	0.0,	
Average total hitrate, 	31.08,	66.87,	90.604,	97.971,	100.0,	100.0,	100.0,	

