Exact Results
Average Hitrate, 0.0

Mantissa Drop Results
Average PSNR, 30.2205485941
Average hitrate, 100.0

Adaptive Selection Results
Average PSNR, 46.1873991784
Average hitrate, 100.0

Adaptive Simple Selection Results
Average Simple  PSNR, 46.1873991784
Average Simple hitrate, 100.0

Tuning Results
Max Error, 	0,	0.015625,	0.03125,	0.0625,	0.125,	0.25,	1,	
Average PSNR, 	100.0,	77.563,	69.453,	61.683,	53.996,	46.418,	46.187,	
Average hitrate, 	89.006,	89.092,	89.395,	90.347,	92.777,	98.322,	100.0,	

TuningAdaptiveSimple Results
Max Error, 	0,	0.015625,	0.03125,	0.0625,	0.125,	0.25,	1,	
Average PSNR, 	100.0,	42.75,	42.75,	42.75,	42.75,	42.75,	42.75,	
Average hitrate, 	89.006,	100.0,	100.0,	100.0,	100.0,	100.0,	100.0,	

Shift and Add Results
Max Error, 	0,	0.015625,	0.03125,	0.0625,	0.125,	0.25,	1,	
Average PSNR, 	50.756,	51.203,	51.571,	52.054,	51.141,	46.187,	46.187,	
Average first stage hitrate, 	89.006,	89.317,	89.985,	91.555,	94.911,	100.0,	100.0,	
Average second stage hitrate, 	10.994,	10.683,	10.015,	8.445,	5.089,	0.0,	0.0,	
Average total hitrate, 	100.0,	100.0,	100.0,	100.0,	100.0,	100.0,	100.0,	

Shift and Add w/ 2nd stage Tuning Results
Max Error, 	0,	0.015625,	0.03125,	0.0625,	0.125,	0.25,	1,	
Average PSNR, 	100.0,	65.368,	59.214,	53.698,	51.141,	46.187,	46.187,	
Average first stage hitrate, 	89.006,	89.317,	89.985,	91.555,	94.911,	100.0,	100.0,	
Average second stage hitrate, 	4.267,	4.967,	5.942,	7.116,	5.089,	0.0,	0.0,	
Average total hitrate, 	93.272,	94.284,	95.927,	98.672,	100.0,	100.0,	100.0,	

